<?xml version="1.0" encoding="UTF-8"?>
<!-- Generated by org.testng.reporters.JUnitReportReporter -->
<testsuite hostname="LAPTOP-POCFV7OH" failures="0" tests="1" name="WebDriver.Drag_Drop_Element" time="8.556" errors="0" timestamp="2021-10-28T18:35:45 IST" skipped="0">
  <testcase classname="WebDriver.Drag_Drop_Element" name="Login" time="8.556"/>
  <system-out/>
</testsuite> <!-- WebDriver.Drag_Drop_Element -->
