<?xml version="1.0" encoding="UTF-8"?>
<!-- Generated by org.testng.reporters.JUnitReportReporter -->
<testsuite hostname="LAPTOP-POCFV7OH" failures="0" tests="1" name="WebDriver.Locators" time="11.821" errors="0" timestamp="2021-10-26T14:33:34 IST" skipped="0">
  <testcase classname="WebDriver.Locators" name="Login" time="11.821"/>
  <system-out/>
</testsuite> <!-- WebDriver.Locators -->
