<?xml version="1.0" encoding="UTF-8"?>
<!-- Generated by org.testng.reporters.JUnitReportReporter -->
<testsuite hostname="LAPTOP-POCFV7OH" failures="0" tests="1" name="Selenium_Advanced.Handle_Ordered_List" time="5.309" errors="0" timestamp="2021-11-17T11:49:15 IST" skipped="0">
  <testcase classname="Selenium_Advanced.Handle_Ordered_List" name="Login" time="5.309"/>
  <system-out/>
</testsuite> <!-- Selenium_Advanced.Handle_Ordered_List -->
