<?xml version="1.0" encoding="UTF-8"?>
<!-- Generated by org.testng.reporters.JUnitReportReporter -->
<testsuite hostname="LAPTOP-POCFV7OH" failures="0" tests="1" name="WebDriver.Navigate_command" time="3.673" errors="0" timestamp="2021-11-24T16:29:52 IST" skipped="0">
  <testcase classname="WebDriver.Navigate_command" name="Navigate" time="3.673"/>
  <system-out/>
</testsuite> <!-- WebDriver.Navigate_command -->
