<?xml version="1.0" encoding="UTF-8"?>
<!-- Generated by org.testng.reporters.JUnitReportReporter -->
<testsuite hostname="LAPTOP-POCFV7OH" failures="0" tests="1" name="WebDriver.Windows_handle" time="18.437" errors="0" timestamp="2021-10-27T11:51:18 IST" skipped="0">
  <testcase classname="WebDriver.Windows_handle" name="Frames" time="18.437"/>
  <system-out/>
</testsuite> <!-- WebDriver.Windows_handle -->
