<?xml version="1.0" encoding="UTF-8"?>
<!-- Generated by org.testng.reporters.JUnitReportReporter -->
<testsuite hostname="LAPTOP-POCFV7OH" failures="0" tests="1" name="Log_4j.Itime_Login" time="0.019" errors="0" timestamp="2021-11-01T19:57:30 IST" skipped="0">
  <testcase classname="Log_4j.Itime_Login" name="Logging" time="0.019"/>
  <system-out/>
</testsuite> <!-- Log_4j.Itime_Login -->
