<?xml version="1.0" encoding="UTF-8"?>
<!-- Generated by org.testng.reporters.JUnitReportReporter -->
<testsuite hostname="LAPTOP-POCFV7OH" failures="0" tests="1" name="WebDriver.Robot_Class" time="6.169" errors="0" timestamp="2021-11-15T18:20:53 IST" skipped="0">
  <testcase classname="WebDriver.Robot_Class" name="Login" time="6.169"/>
  <system-out/>
</testsuite> <!-- WebDriver.Robot_Class -->
