<?xml version="1.0" encoding="UTF-8"?>
<!-- Generated by org.testng.reporters.JUnitReportReporter -->
<testsuite hostname="LAPTOP-POCFV7OH" failures="0" tests="1" name="WebDriver_Wait_Selenium.ExpectedConditions_command" time="9.607" errors="0" timestamp="2021-10-28T17:41:46 IST" skipped="0">
  <testcase classname="WebDriver_Wait_Selenium.ExpectedConditions_command" name="Login" time="9.607"/>
  <system-out/>
</testsuite> <!-- WebDriver_Wait_Selenium.ExpectedConditions_command -->
