<?xml version="1.0" encoding="UTF-8"?>
<!-- Generated by org.testng.reporters.JUnitReportReporter -->
<testsuite hostname="LAPTOP-POCFV7OH" failures="0" tests="1" name="WebDriver.Link_image" time="4.907" errors="0" timestamp="2021-11-15T17:13:07 IST" skipped="0">
  <testcase classname="WebDriver.Link_image" name="Login" time="4.907"/>
  <system-out/>
</testsuite> <!-- WebDriver.Link_image -->
