<?xml version="1.0" encoding="UTF-8"?>
<!-- Generated by org.testng.reporters.JUnitReportReporter -->
<testsuite hostname="LAPTOP-POCFV7OH" failures="0" tests="1" name="WebDriver.Mouse_hover" time="3.507" errors="0" timestamp="2021-11-15T18:15:40 IST" skipped="0">
  <testcase classname="WebDriver.Mouse_hover" name="hover" time="3.507"/>
  <system-out/>
</testsuite> <!-- WebDriver.Mouse_hover -->
