<?xml version="1.0" encoding="UTF-8"?>
<!-- Generated by org.testng.reporters.JUnitReportReporter -->
<testsuite hostname="LAPTOP-POCFV7OH" failures="0" tests="1" name="JavaScript_Executors.DatePicker" time="6.091" errors="0" timestamp="2021-10-29T02:23:58 IST" skipped="0">
  <testcase classname="JavaScript_Executors.DatePicker" name="Login" time="6.091"/>
  <system-out/>
</testsuite> <!-- JavaScript_Executors.DatePicker -->
