<?xml version="1.0" encoding="UTF-8"?>
<!-- Generated by org.testng.reporters.JUnitReportReporter -->
<testsuite hostname="LAPTOP-POCFV7OH" failures="0" tests="1" name="Functionality.FindBy_Login" time="7.852" errors="0" timestamp="2021-11-17T12:28:18 IST" skipped="0">
  <testcase classname="Functionality.FindBy_Login" name="Login_1" time="7.852"/>
  <system-out/>
</testsuite> <!-- Functionality.FindBy_Login -->
