<?xml version="1.0" encoding="UTF-8"?>
<!-- Generated by org.testng.reporters.JUnitReportReporter -->
<testsuite hostname="LAPTOP-POCFV7OH" failures="0" tests="1" name="Cookies.Add_Cookies" time="6.501" errors="0" timestamp="2021-10-29T14:35:24 IST" skipped="0">
  <testcase classname="Cookies.Add_Cookies" name="login" time="6.501"/>
  <system-out/>
</testsuite> <!-- Cookies.Add_Cookies -->
