<?xml version="1.0" encoding="UTF-8"?>
<!-- Generated by org.testng.reporters.JUnitReportReporter -->
<testsuite hostname="LAPTOP-POCFV7OH" failures="0" tests="1" name="Cookies.Delete_Cookies" time="5.748" errors="0" timestamp="2021-10-29T14:39:29 IST" skipped="0">
  <testcase classname="Cookies.Delete_Cookies" name="login" time="5.748"/>
  <system-out/>
</testsuite> <!-- Cookies.Delete_Cookies -->
