<?xml version="1.0" encoding="UTF-8"?>
<!-- Generated by org.testng.reporters.JUnitReportReporter -->
<testsuite hostname="LAPTOP-POCFV7OH" failures="0" tests="1" name="upload_download_files.Upload_File" time="46.168" errors="0" timestamp="2021-11-17T10:27:38 IST" skipped="0">
  <testcase classname="upload_download_files.Upload_File" name="upload_files" time="46.168"/>
  <system-out/>
</testsuite> <!-- upload_download_files.Upload_File -->
