<?xml version="1.0" encoding="UTF-8"?>
<!-- Generated by org.testng.reporters.JUnitReportReporter -->
<testsuite hostname="LAPTOP-POCFV7OH" failures="0" tests="1" name="JavaScript_Executors.Scrolling_page" time="7.677" errors="0" timestamp="2021-11-17T12:44:40 IST" skipped="0">
  <testcase classname="JavaScript_Executors.Scrolling_page" name="Login" time="7.677"/>
  <system-out/>
</testsuite> <!-- JavaScript_Executors.Scrolling_page -->
