<?xml version="1.0" encoding="UTF-8"?>
<!-- Generated by org.testng.reporters.JUnitReportReporter -->
<testsuite hostname="LAPTOP-POCFV7OH" failures="0" tests="1" name="Config_Properties.All_Cookies" time="7.045" errors="0" timestamp="2021-10-29T14:14:19 IST" skipped="0">
  <testcase classname="Config_Properties.All_Cookies" name="Login" time="7.045"/>
  <system-out/>
</testsuite> <!-- Config_Properties.All_Cookies -->
