<?xml version="1.0" encoding="UTF-8"?>
<!-- Generated by org.testng.reporters.JUnitReportReporter -->
<testsuite hostname="LAPTOP-POCFV7OH" failures="0" tests="1" name="upload_download_files.Download_File" time="4.241" errors="0" timestamp="2021-11-02T00:10:08 IST" skipped="0">
  <testcase classname="upload_download_files.Download_File" name="download_files" time="4.241"/>
  <system-out/>
</testsuite> <!-- upload_download_files.Download_File -->
