<?xml version="1.0" encoding="UTF-8"?>
<!-- Generated by org.testng.reporters.JUnitReportReporter -->
<testsuite hostname="LAPTOP-POCFV7OH" failures="0" tests="2" name="Test.CalculatorTest" time="0.017" errors="0" timestamp="2021-10-21T20:49:28 IST" skipped="0">
  <testcase classname="Test.CalculatorTest" name="addTest" time="0.015"/>
  <system-out/>
  <testcase classname="Test.CalculatorTest" name="subTest" time="0.002"/>
  <system-out/>
</testsuite> <!-- Test.CalculatorTest -->
