<?xml version="1.0" encoding="UTF-8"?>
<!-- Generated by org.testng.reporters.JUnitReportReporter -->
<testsuite hostname="LAPTOP-POCFV7OH" failures="0" tests="1" name="JavaScript_Executors.Horizaltal_Scroll" time="9.383" errors="0" timestamp="2021-11-17T13:05:21 IST" skipped="0">
  <testcase classname="JavaScript_Executors.Horizaltal_Scroll" name="Scrol_HZ" time="9.383"/>
  <system-out/>
</testsuite> <!-- JavaScript_Executors.Horizaltal_Scroll -->
