<?xml version="1.0" encoding="UTF-8"?>
<!-- Generated by org.testng.reporters.JUnitReportReporter -->
<testsuite hostname="LAPTOP-POCFV7OH" failures="0" tests="1" name="WebDriver.Chrome_Launch" time="8.011" errors="0" timestamp="2021-10-27T12:15:35 IST" skipped="0">
  <testcase classname="WebDriver.Chrome_Launch" name="Login" time="8.011"/>
  <system-out/>
</testsuite> <!-- WebDriver.Chrome_Launch -->
