<?xml version="1.0" encoding="UTF-8"?>
<!-- Generated by org.testng.reporters.JUnitReportReporter -->
<testsuite hostname="LAPTOP-POCFV7OH" failures="0" tests="1" name="Functionality.Login" time="6.690" errors="0" timestamp="2021-11-17T12:29:59 IST" skipped="0">
  <testcase classname="Functionality.Login" name="Login_1" time="6.690"/>
  <system-out/>
</testsuite> <!-- Functionality.Login -->
