<?xml version="1.0" encoding="UTF-8"?>
<!-- Generated by org.testng.reporters.JUnitReportReporter -->
<testsuite hostname="LAPTOP-POCFV7OH" failures="0" tests="1" name="Config_Properties.Config_Properties" time="7.165" errors="0" timestamp="2021-11-24T16:32:37 IST" skipped="0">
  <testcase classname="Config_Properties.Config_Properties" name="Config_prop" time="7.165"/>
  <system-out/>
</testsuite> <!-- Config_Properties.Config_Properties -->
