<?xml version="1.0" encoding="UTF-8"?>
<!-- Generated by org.testng.reporters.JUnitReportReporter -->
<testsuite hostname="LAPTOP-POCFV7OH" failures="0" tests="1" name="ObjectRepository.ContactUsTest" time="13.696" errors="0" timestamp="2021-11-22T17:35:16 IST" skipped="0">
  <testcase classname="ObjectRepository.ContactUsTest" name="mainTest" time="13.696"/>
  <system-out/>
</testsuite> <!-- ObjectRepository.ContactUsTest -->
