<?xml version="1.0" encoding="UTF-8"?>
<!-- Generated by org.testng.reporters.JUnitReportReporter -->
<testsuite hostname="LAPTOP-POCFV7OH" failures="0" tests="1" name="WebDriver.Radio_button" time="4.505" errors="0" timestamp="2021-10-27T13:44:15 IST" skipped="0">
  <testcase classname="WebDriver.Radio_button" name="Login" time="4.505"/>
  <system-out/>
</testsuite> <!-- WebDriver.Radio_button -->
