<?xml version="1.0" encoding="UTF-8"?>
<!-- Generated by org.testng.reporters.JUnitReportReporter -->
<testsuite hostname="LAPTOP-POCFV7OH" failures="0" tests="1" name="Config_Properties.Add_Cookies" time="5.982" errors="0" timestamp="2021-10-29T13:58:56 IST" skipped="0">
  <testcase classname="Config_Properties.Add_Cookies" name="Login" time="5.982"/>
  <system-out/>
</testsuite> <!-- Config_Properties.Add_Cookies -->
