<?xml version="1.0" encoding="UTF-8"?>
<!-- Generated by org.testng.reporters.JUnitReportReporter -->
<testsuite hostname="LAPTOP-POCFV7OH" failures="0" tests="1" name="WebDriver.Handle_frames" time="6.874" errors="0" timestamp="2021-10-27T15:04:37 IST" skipped="0">
  <testcase classname="WebDriver.Handle_frames" name="Frames" time="6.874"/>
  <system-out/>
</testsuite> <!-- WebDriver.Handle_frames -->
