<?xml version="1.0" encoding="UTF-8"?>
<!-- Generated by org.testng.reporters.JUnitReportReporter -->
<testsuite hostname="LAPTOP-POCFV7OH" failures="0" tests="1" name="Config_Properties.Handling_cookies" time="10.314" errors="0" timestamp="2021-10-29T13:07:02 IST" skipped="0">
  <testcase classname="Config_Properties.Handling_cookies" name="login" time="10.314"/>
  <system-out/>
</testsuite> <!-- Config_Properties.Handling_cookies -->
