<?xml version="1.0" encoding="UTF-8"?>
<!-- Generated by org.testng.reporters.JUnitReportReporter -->
<testsuite hostname="LAPTOP-POCFV7OH" failures="0" tests="1" name="WebDriver.Drop_Down_list" time="5.784" errors="0" timestamp="2021-10-27T13:59:16 IST" skipped="0">
  <testcase classname="WebDriver.Drop_Down_list" name="Login" time="5.784"/>
  <system-out/>
</testsuite> <!-- WebDriver.Drop_Down_list -->
