<?xml version="1.0" encoding="UTF-8"?>
<!-- Generated by org.testng.reporters.JUnitReportReporter -->
<testsuite hostname="LAPTOP-POCFV7OH" failures="0" tests="1" name="JavaScript_Executors.Scrolling_with_IN_page" time="8.040" errors="0" timestamp="2021-11-17T12:33:58 IST" skipped="0">
  <testcase classname="JavaScript_Executors.Scrolling_with_IN_page" name="Login" time="8.040"/>
  <system-out/>
</testsuite> <!-- JavaScript_Executors.Scrolling_with_IN_page -->
