<?xml version="1.0" encoding="UTF-8"?>
<!-- Generated by org.testng.reporters.JUnitReportReporter -->
<testsuite hostname="LAPTOP-POCFV7OH" failures="0" tests="1" name="WebDriver.Handle_popup" time="5.006" errors="0" timestamp="2021-11-15T16:59:16 IST" skipped="0">
  <testcase classname="WebDriver.Handle_popup" name="Login" time="5.006"/>
  <system-out/>
</testsuite> <!-- WebDriver.Handle_popup -->
