<?xml version="1.0" encoding="UTF-8"?>
<!-- Generated by org.testng.reporters.JUnitReportReporter -->
<testsuite hostname="LAPTOP-POCFV7OH" failures="0" tests="3" name="testNGListeners.LoginTest" time="0.157" errors="0" timestamp="2021-11-24T16:37:39 IST" skipped="0">
  <testcase classname="testNGListeners.LoginTest" name="loginByEmail" time="0.154"/>
  <system-out/>
  <testcase classname="testNGListeners.LoginTest" name="loginByFacebook" time="0.001"/>
  <system-out/>
  <testcase classname="testNGListeners.LoginTest" name="loginByName" time="0.002"/>
  <system-out/>
</testsuite> <!-- testNGListeners.LoginTest -->
